<?xml version="1.0" encoding="UTF-8"?>
<testsuites>
  <testsuite name="Test Suite" tests="24" assertions="28" errors="0" failures="0" skipped="0" time="3.055788">
    <testsuite name="Slides\Connector\Auth\Tests\Feature\AuthServiceTest" file="/var/www/24slides/packages/auth-connector/tests/Feature/AuthServiceTest.php" tests="21" assertions="24" errors="0" failures="0" skipped="0" time="2.777573">
      <testcase name="testDisabled" class="Slides\Connector\Auth\Tests\Feature\AuthServiceTest" classname="Slides.Connector.Auth.Tests.Feature.AuthServiceTest" file="/var/www/24slides/packages/auth-connector/tests/Feature/AuthServiceTest.php" line="11" assertions="2" time="0.721504"/>
      <testcase name="testLoginSuccess" class="Slides\Connector\Auth\Tests\Feature\AuthServiceTest" classname="Slides.Connector.Auth.Tests.Feature.AuthServiceTest" file="/var/www/24slides/packages/auth-connector/tests/Feature/AuthServiceTest.php" line="29" assertions="1" time="0.166578"/>
      <testcase name="testLoginInvalid" class="Slides\Connector\Auth\Tests\Feature\AuthServiceTest" classname="Slides.Connector.Auth.Tests.Feature.AuthServiceTest" file="/var/www/24slides/packages/auth-connector/tests/Feature/AuthServiceTest.php" line="42" assertions="1" time="0.092841"/>
      <testcase name="testLoginValidationError" class="Slides\Connector\Auth\Tests\Feature\AuthServiceTest" classname="Slides.Connector.Auth.Tests.Feature.AuthServiceTest" file="/var/www/24slides/packages/auth-connector/tests/Feature/AuthServiceTest.php" line="56" assertions="1" time="0.178791"/>
      <testcase name="testRegisterSuccess" class="Slides\Connector\Auth\Tests\Feature\AuthServiceTest" classname="Slides.Connector.Auth.Tests.Feature.AuthServiceTest" file="/var/www/24slides/packages/auth-connector/tests/Feature/AuthServiceTest.php" line="69" assertions="1" time="0.093174"/>
      <testcase name="testRegisterValidationError" class="Slides\Connector\Auth\Tests\Feature\AuthServiceTest" classname="Slides.Connector.Auth.Tests.Feature.AuthServiceTest" file="/var/www/24slides/packages/auth-connector/tests/Feature/AuthServiceTest.php" line="83" assertions="1" time="0.095881"/>
      <testcase name="testForgotSuccess" class="Slides\Connector\Auth\Tests\Feature\AuthServiceTest" classname="Slides.Connector.Auth.Tests.Feature.AuthServiceTest" file="/var/www/24slides/packages/auth-connector/tests/Feature/AuthServiceTest.php" line="96" assertions="1" time="0.103164"/>
      <testcase name="testForgotError" class="Slides\Connector\Auth\Tests\Feature\AuthServiceTest" classname="Slides.Connector.Auth.Tests.Feature.AuthServiceTest" file="/var/www/24slides/packages/auth-connector/tests/Feature/AuthServiceTest.php" line="105" assertions="1" time="0.094268"/>
      <testcase name="testValidatePasswordResetTokenSuccess" class="Slides\Connector\Auth\Tests\Feature\AuthServiceTest" classname="Slides.Connector.Auth.Tests.Feature.AuthServiceTest" file="/var/www/24slides/packages/auth-connector/tests/Feature/AuthServiceTest.php" line="118" assertions="1" time="0.095548"/>
      <testcase name="testValidatePasswordResetTokenError" class="Slides\Connector\Auth\Tests\Feature\AuthServiceTest" classname="Slides.Connector.Auth.Tests.Feature.AuthServiceTest" file="/var/www/24slides/packages/auth-connector/tests/Feature/AuthServiceTest.php" line="129" assertions="1" time="0.094860"/>
      <testcase name="testResetPasswordSuccess" class="Slides\Connector\Auth\Tests\Feature\AuthServiceTest" classname="Slides.Connector.Auth.Tests.Feature.AuthServiceTest" file="/var/www/24slides/packages/auth-connector/tests/Feature/AuthServiceTest.php" line="144" assertions="1" time="0.095533"/>
      <testcase name="testResetPasswordError" class="Slides\Connector\Auth\Tests\Feature\AuthServiceTest" classname="Slides.Connector.Auth.Tests.Feature.AuthServiceTest" file="/var/www/24slides/packages/auth-connector/tests/Feature/AuthServiceTest.php" line="155" assertions="1" time="0.095846"/>
      <testcase name="testUpdateSuccess" class="Slides\Connector\Auth\Tests\Feature\AuthServiceTest" classname="Slides.Connector.Auth.Tests.Feature.AuthServiceTest" file="/var/www/24slides/packages/auth-connector/tests/Feature/AuthServiceTest.php" line="170" assertions="1" time="0.093318"/>
      <testcase name="testUpdateError" class="Slides\Connector\Auth\Tests\Feature\AuthServiceTest" classname="Slides.Connector.Auth.Tests.Feature.AuthServiceTest" file="/var/www/24slides/packages/auth-connector/tests/Feature/AuthServiceTest.php" line="181" assertions="1" time="0.095864"/>
      <testcase name="testHandle" class="Slides\Connector\Auth\Tests\Feature\AuthServiceTest" classname="Slides.Connector.Auth.Tests.Feature.AuthServiceTest" file="/var/www/24slides/packages/auth-connector/tests/Feature/AuthServiceTest.php" line="192" assertions="1" time="0.108444"/>
      <testcase name="testHandleWithParameters" class="Slides\Connector\Auth\Tests\Feature\AuthServiceTest" classname="Slides.Connector.Auth.Tests.Feature.AuthServiceTest" file="/var/www/24slides/packages/auth-connector/tests/Feature/AuthServiceTest.php" line="199" assertions="1" time="0.087786"/>
      <testcase name="testHandleWithInvalidParameters" class="Slides\Connector\Auth\Tests\Feature\AuthServiceTest" classname="Slides.Connector.Auth.Tests.Feature.AuthServiceTest" file="/var/www/24slides/packages/auth-connector/tests/Feature/AuthServiceTest.php" line="209" assertions="1" time="0.092691"/>
      <testcase name="testHandleInvalid" class="Slides\Connector\Auth\Tests\Feature\AuthServiceTest" classname="Slides.Connector.Auth.Tests.Feature.AuthServiceTest" file="/var/www/24slides/packages/auth-connector/tests/Feature/AuthServiceTest.php" line="219" assertions="1" time="0.093262"/>
      <testcase name="testHandleFailed" class="Slides\Connector\Auth\Tests\Feature\AuthServiceTest" classname="Slides.Connector.Auth.Tests.Feature.AuthServiceTest" file="/var/www/24slides/packages/auth-connector/tests/Feature/AuthServiceTest.php" line="224" assertions="2" time="0.099239"/>
      <testcase name="testHandleFallback" class="Slides\Connector\Auth\Tests\Feature\AuthServiceTest" classname="Slides.Connector.Auth.Tests.Feature.AuthServiceTest" file="/var/www/24slides/packages/auth-connector/tests/Feature/AuthServiceTest.php" line="235" assertions="1" time="0.089099"/>
      <testcase name="testHandleFallbackFailed" class="Slides\Connector\Auth\Tests\Feature\AuthServiceTest" classname="Slides.Connector.Auth.Tests.Feature.AuthServiceTest" file="/var/www/24slides/packages/auth-connector/tests/Feature/AuthServiceTest.php" line="242" assertions="2" time="0.089882"/>
    </testsuite>
    <testsuite name="Slides\Connector\Auth\Tests\Unit\ClientTest" file="/var/www/24slides/packages/auth-connector/tests/Unit/ClientTest.php" tests="3" assertions="4" errors="0" failures="0" skipped="0" time="0.278215">
      <testcase name="testBoot" class="Slides\Connector\Auth\Tests\Unit\ClientTest" classname="Slides.Connector.Auth.Tests.Unit.ClientTest" file="/var/www/24slides/packages/auth-connector/tests/Unit/ClientTest.php" line="15" assertions="1" time="0.104958"/>
      <testcase name="testHasRequest" class="Slides\Connector\Auth\Tests\Unit\ClientTest" classname="Slides.Connector.Auth.Tests.Unit.ClientTest" file="/var/www/24slides/packages/auth-connector/tests/Unit/ClientTest.php" line="29" assertions="2" time="0.085200"/>
      <testcase name="testInvalidRequest" class="Slides\Connector\Auth\Tests\Unit\ClientTest" classname="Slides.Connector.Auth.Tests.Unit.ClientTest" file="/var/www/24slides/packages/auth-connector/tests/Unit/ClientTest.php" line="40" assertions="1" time="0.088057"/>
    </testsuite>
  </testsuite>
</testsuites>
